2020-08-10 16:45:45,603 INFO com.sbi.cron.DemoSchedulerApplication [main] Starting DemoSchedulerApplication on LAPTOP-KMCUT1T0 with PID 10332 (D:\SBI\Code\swayam-all\SMJ\target\classes started by Anoop in D:\SBI\Code\swayam-all\SMJ)
2020-08-10 16:45:45,606 INFO com.sbi.cron.DemoSchedulerApplication [main] No active profile set, falling back to default profiles: default
2020-08-10 16:45:46,318 ERROR org.springframework.boot.SpringApplication [main] Application run failed
org.springframework.beans.factory.UnsatisfiedDependencyException: Error creating bean with name 'org.springframework.boot.autoconfigure.orm.jpa.HibernateJpaConfiguration': Unsatisfied dependency expressed through constructor parameter 0; nested exception is org.springframework.beans.factory.BeanCreationException: Error creating bean with name 'dataSource' defined in class path resource [org/springframework/boot/autoconfigure/jdbc/DataSourceConfiguration$Hikari.class]: Bean instantiation via factory method failed; nested exception is org.springframework.beans.BeanInstantiationException: Failed to instantiate [com.zaxxer.hikari.HikariDataSource]: Factory method 'dataSource' threw exception; nested exception is java.lang.IllegalStateException: Cannot load driver class: oracle.jdbc.OracleDriver
	at org.springframework.beans.factory.support.ConstructorResolver.createArgumentArray(ConstructorResolver.java:798)
	at org.springframework.beans.factory.support.ConstructorResolver.autowireConstructor(ConstructorResolver.java:228)
	at org.springframework.beans.factory.support.AbstractAutowireCapableBeanFactory.autowireConstructor(AbstractAutowireCapableBeanFactory.java:1358)
	at org.springframework.beans.factory.support.AbstractAutowireCapableBeanFactory.createBeanInstance(AbstractAutowireCapableBeanFactory.java:1204)
	at org.springframework.beans.factory.support.AbstractAutowireCapableBeanFactory.doCreateBean(AbstractAutowireCapableBeanFactory.java:557)
	at org.springframework.beans.factory.support.AbstractAutowireCapableBeanFactory.createBean(AbstractAutowireCapableBeanFactory.java:517)
	at org.springframework.beans.factory.support.AbstractBeanFactory.lambda$doGetBean$0(AbstractBeanFactory.java:323)
	at org.springframework.beans.factory.support.DefaultSingletonBeanRegistry.getSingleton(DefaultSingletonBeanRegistry.java:222)
	at org.springframework.beans.factory.support.AbstractBeanFactory.doGetBean(AbstractBeanFactory.java:321)
	at org.springframework.beans.factory.support.AbstractBeanFactory.getBean(AbstractBeanFactory.java:202)
	at org.springframework.beans.factory.support.ConstructorResolver.instantiateUsingFactoryMethod(ConstructorResolver.java:409)
	at org.springframework.beans.factory.support.AbstractAutowireCapableBeanFactory.instantiateUsingFactoryMethod(AbstractAutowireCapableBeanFactory.java:1338)
	at org.springframework.beans.factory.support.AbstractAutowireCapableBeanFactory.createBeanInstance(AbstractAutowireCapableBeanFactory.java:1177)
	at org.springframework.beans.factory.support.AbstractAutowireCapableBeanFactory.doCreateBean(AbstractAutowireCapableBeanFactory.java:557)
	at org.springframework.beans.factory.support.AbstractAutowireCapableBeanFactory.createBean(AbstractAutowireCapableBeanFactory.java:517)
	at org.springframework.beans.factory.support.AbstractBeanFactory.lambda$doGetBean$0(AbstractBeanFactory.java:323)
	at org.springframework.beans.factory.support.DefaultSingletonBeanRegistry.getSingleton(DefaultSingletonBeanRegistry.java:222)
	at org.springframework.beans.factory.support.AbstractBeanFactory.doGetBean(AbstractBeanFactory.java:321)
	at org.springframework.beans.factory.support.AbstractBeanFactory.getBean(AbstractBeanFactory.java:202)
	at org.springframework.context.support.AbstractApplicationContext.getBean(AbstractApplicationContext.java:1108)
	at org.springframework.context.support.AbstractApplicationContext.finishBeanFactoryInitialization(AbstractApplicationContext.java:868)
	at org.springframework.context.support.AbstractApplicationContext.refresh(AbstractApplicationContext.java:550)
	at org.springframework.boot.SpringApplication.refresh(SpringApplication.java:747)
	at org.springframework.boot.SpringApplication.refreshContext(SpringApplication.java:397)
	at org.springframework.boot.SpringApplication.run(SpringApplication.java:315)
	at org.springframework.boot.SpringApplication.run(SpringApplication.java:1226)
	at org.springframework.boot.SpringApplication.run(SpringApplication.java:1215)
	at com.sbi.cron.DemoSchedulerApplication.main(DemoSchedulerApplication.java:13)
Caused by: org.springframework.beans.factory.BeanCreationException: Error creating bean with name 'dataSource' defined in class path resource [org/springframework/boot/autoconfigure/jdbc/DataSourceConfiguration$Hikari.class]: Bean instantiation via factory method failed; nested exception is org.springframework.beans.BeanInstantiationException: Failed to instantiate [com.zaxxer.hikari.HikariDataSource]: Factory method 'dataSource' threw exception; nested exception is java.lang.IllegalStateException: Cannot load driver class: oracle.jdbc.OracleDriver
	at org.springframework.beans.factory.support.ConstructorResolver.instantiate(ConstructorResolver.java:656)
	at org.springframework.beans.factory.support.ConstructorResolver.instantiateUsingFactoryMethod(ConstructorResolver.java:636)
	at org.springframework.beans.factory.support.AbstractAutowireCapableBeanFactory.instantiateUsingFactoryMethod(AbstractAutowireCapableBeanFactory.java:1338)
	at org.springframework.beans.factory.support.AbstractAutowireCapableBeanFactory.createBeanInstance(AbstractAutowireCapableBeanFactory.java:1177)
	at org.springframework.beans.factory.support.AbstractAutowireCapableBeanFactory.doCreateBean(AbstractAutowireCapableBeanFactory.java:557)
	at org.springframework.beans.factory.support.AbstractAutowireCapableBeanFactory.createBean(AbstractAutowireCapableBeanFactory.java:517)
	at org.springframework.beans.factory.support.AbstractBeanFactory.lambda$doGetBean$0(AbstractBeanFactory.java:323)
	at org.springframework.beans.factory.support.DefaultSingletonBeanRegistry.getSingleton(DefaultSingletonBeanRegistry.java:222)
	at org.springframework.beans.factory.support.AbstractBeanFactory.doGetBean(AbstractBeanFactory.java:321)
	at org.springframework.beans.factory.support.AbstractBeanFactory.getBean(AbstractBeanFactory.java:202)
	at org.springframework.beans.factory.config.DependencyDescriptor.resolveCandidate(DependencyDescriptor.java:276)
	at org.springframework.beans.factory.support.DefaultListableBeanFactory.doResolveDependency(DefaultListableBeanFactory.java:1287)
	at org.springframework.beans.factory.support.DefaultListableBeanFactory.resolveDependency(DefaultListableBeanFactory.java:1207)
	at org.springframework.beans.factory.support.ConstructorResolver.resolveAutowiredArgument(ConstructorResolver.java:885)
	at org.springframework.beans.factory.support.ConstructorResolver.createArgumentArray(ConstructorResolver.java:789)
	... 27 common frames omitted
Caused by: org.springframework.beans.BeanInstantiationException: Failed to instantiate [com.zaxxer.hikari.HikariDataSource]: Factory method 'dataSource' threw exception; nested exception is java.lang.IllegalStateException: Cannot load driver class: oracle.jdbc.OracleDriver
	at org.springframework.beans.factory.support.SimpleInstantiationStrategy.instantiate(SimpleInstantiationStrategy.java:185)
	at org.springframework.beans.factory.support.ConstructorResolver.instantiate(ConstructorResolver.java:651)
	... 41 common frames omitted
Caused by: java.lang.IllegalStateException: Cannot load driver class: oracle.jdbc.OracleDriver
	at org.springframework.util.Assert.state(Assert.java:94)
	at org.springframework.boot.autoconfigure.jdbc.DataSourceProperties.determineDriverClassName(DataSourceProperties.java:222)
	at org.springframework.boot.autoconfigure.jdbc.DataSourceProperties.initializeDataSourceBuilder(DataSourceProperties.java:174)
	at org.springframework.boot.autoconfigure.jdbc.DataSourceConfiguration.createDataSource(DataSourceConfiguration.java:43)
	at org.springframework.boot.autoconfigure.jdbc.DataSourceConfiguration$Hikari.dataSource(DataSourceConfiguration.java:85)
	at sun.reflect.NativeMethodAccessorImpl.invoke0(Native Method)
	at sun.reflect.NativeMethodAccessorImpl.invoke(Unknown Source)
	at sun.reflect.DelegatingMethodAccessorImpl.invoke(Unknown Source)
	at java.lang.reflect.Method.invoke(Unknown Source)
	at org.springframework.beans.factory.support.SimpleInstantiationStrategy.instantiate(SimpleInstantiationStrategy.java:154)
	... 42 common frames omitted
2020-08-10 16:47:17,768 INFO com.sbi.cron.DemoSchedulerApplication [main] Starting DemoSchedulerApplication on LAPTOP-KMCUT1T0 with PID 7408 (D:\SBI\Code\swayam-all\SMJ\target\classes started by Anoop in D:\SBI\Code\swayam-all\SMJ)
2020-08-10 16:47:17,771 INFO com.sbi.cron.DemoSchedulerApplication [main] No active profile set, falling back to default profiles: default
2020-08-10 16:47:18,390 ERROR org.springframework.boot.SpringApplication [main] Application run failed
org.springframework.beans.factory.UnsatisfiedDependencyException: Error creating bean with name 'org.springframework.boot.autoconfigure.orm.jpa.HibernateJpaConfiguration': Unsatisfied dependency expressed through constructor parameter 0; nested exception is org.springframework.beans.factory.BeanCreationException: Error creating bean with name 'dataSource' defined in class path resource [org/springframework/boot/autoconfigure/jdbc/DataSourceConfiguration$Hikari.class]: Bean instantiation via factory method failed; nested exception is org.springframework.beans.BeanInstantiationException: Failed to instantiate [com.zaxxer.hikari.HikariDataSource]: Factory method 'dataSource' threw exception; nested exception is java.lang.IllegalStateException: Cannot load driver class: oracle.jdbc.OracleDriver
	at org.springframework.beans.factory.support.ConstructorResolver.createArgumentArray(ConstructorResolver.java:798)
	at org.springframework.beans.factory.support.ConstructorResolver.autowireConstructor(ConstructorResolver.java:228)
	at org.springframework.beans.factory.support.AbstractAutowireCapableBeanFactory.autowireConstructor(AbstractAutowireCapableBeanFactory.java:1358)
	at org.springframework.beans.factory.support.AbstractAutowireCapableBeanFactory.createBeanInstance(AbstractAutowireCapableBeanFactory.java:1204)
	at org.springframework.beans.factory.support.AbstractAutowireCapableBeanFactory.doCreateBean(AbstractAutowireCapableBeanFactory.java:557)
	at org.springframework.beans.factory.support.AbstractAutowireCapableBeanFactory.createBean(AbstractAutowireCapableBeanFactory.java:517)
	at org.springframework.beans.factory.support.AbstractBeanFactory.lambda$doGetBean$0(AbstractBeanFactory.java:323)
	at org.springframework.beans.factory.support.DefaultSingletonBeanRegistry.getSingleton(DefaultSingletonBeanRegistry.java:222)
	at org.springframework.beans.factory.support.AbstractBeanFactory.doGetBean(AbstractBeanFactory.java:321)
	at org.springframework.beans.factory.support.AbstractBeanFactory.getBean(AbstractBeanFactory.java:202)
	at org.springframework.beans.factory.support.ConstructorResolver.instantiateUsingFactoryMethod(ConstructorResolver.java:409)
	at org.springframework.beans.factory.support.AbstractAutowireCapableBeanFactory.instantiateUsingFactoryMethod(AbstractAutowireCapableBeanFactory.java:1338)
	at org.springframework.beans.factory.support.AbstractAutowireCapableBeanFactory.createBeanInstance(AbstractAutowireCapableBeanFactory.java:1177)
	at org.springframework.beans.factory.support.AbstractAutowireCapableBeanFactory.doCreateBean(AbstractAutowireCapableBeanFactory.java:557)
	at org.springframework.beans.factory.support.AbstractAutowireCapableBeanFactory.createBean(AbstractAutowireCapableBeanFactory.java:517)
	at org.springframework.beans.factory.support.AbstractBeanFactory.lambda$doGetBean$0(AbstractBeanFactory.java:323)
	at org.springframework.beans.factory.support.DefaultSingletonBeanRegistry.getSingleton(DefaultSingletonBeanRegistry.java:222)
	at org.springframework.beans.factory.support.AbstractBeanFactory.doGetBean(AbstractBeanFactory.java:321)
	at org.springframework.beans.factory.support.AbstractBeanFactory.getBean(AbstractBeanFactory.java:202)
	at org.springframework.context.support.AbstractApplicationContext.getBean(AbstractApplicationContext.java:1108)
	at org.springframework.context.support.AbstractApplicationContext.finishBeanFactoryInitialization(AbstractApplicationContext.java:868)
	at org.springframework.context.support.AbstractApplicationContext.refresh(AbstractApplicationContext.java:550)
	at org.springframework.boot.SpringApplication.refresh(SpringApplication.java:747)
	at org.springframework.boot.SpringApplication.refreshContext(SpringApplication.java:397)
	at org.springframework.boot.SpringApplication.run(SpringApplication.java:315)
	at org.springframework.boot.SpringApplication.run(SpringApplication.java:1226)
	at org.springframework.boot.SpringApplication.run(SpringApplication.java:1215)
	at com.sbi.cron.DemoSchedulerApplication.main(DemoSchedulerApplication.java:13)
Caused by: org.springframework.beans.factory.BeanCreationException: Error creating bean with name 'dataSource' defined in class path resource [org/springframework/boot/autoconfigure/jdbc/DataSourceConfiguration$Hikari.class]: Bean instantiation via factory method failed; nested exception is org.springframework.beans.BeanInstantiationException: Failed to instantiate [com.zaxxer.hikari.HikariDataSource]: Factory method 'dataSource' threw exception; nested exception is java.lang.IllegalStateException: Cannot load driver class: oracle.jdbc.OracleDriver
	at org.springframework.beans.factory.support.ConstructorResolver.instantiate(ConstructorResolver.java:656)
	at org.springframework.beans.factory.support.ConstructorResolver.instantiateUsingFactoryMethod(ConstructorResolver.java:636)
	at org.springframework.beans.factory.support.AbstractAutowireCapableBeanFactory.instantiateUsingFactoryMethod(AbstractAutowireCapableBeanFactory.java:1338)
	at org.springframework.beans.factory.support.AbstractAutowireCapableBeanFactory.createBeanInstance(AbstractAutowireCapableBeanFactory.java:1177)
	at org.springframework.beans.factory.support.AbstractAutowireCapableBeanFactory.doCreateBean(AbstractAutowireCapableBeanFactory.java:557)
	at org.springframework.beans.factory.support.AbstractAutowireCapableBeanFactory.createBean(AbstractAutowireCapableBeanFactory.java:517)
	at org.springframework.beans.factory.support.AbstractBeanFactory.lambda$doGetBean$0(AbstractBeanFactory.java:323)
	at org.springframework.beans.factory.support.DefaultSingletonBeanRegistry.getSingleton(DefaultSingletonBeanRegistry.java:222)
	at org.springframework.beans.factory.support.AbstractBeanFactory.doGetBean(AbstractBeanFactory.java:321)
	at org.springframework.beans.factory.support.AbstractBeanFactory.getBean(AbstractBeanFactory.java:202)
	at org.springframework.beans.factory.config.DependencyDescriptor.resolveCandidate(DependencyDescriptor.java:276)
	at org.springframework.beans.factory.support.DefaultListableBeanFactory.doResolveDependency(DefaultListableBeanFactory.java:1287)
	at org.springframework.beans.factory.support.DefaultListableBeanFactory.resolveDependency(DefaultListableBeanFactory.java:1207)
	at org.springframework.beans.factory.support.ConstructorResolver.resolveAutowiredArgument(ConstructorResolver.java:885)
	at org.springframework.beans.factory.support.ConstructorResolver.createArgumentArray(ConstructorResolver.java:789)
	... 27 common frames omitted
Caused by: org.springframework.beans.BeanInstantiationException: Failed to instantiate [com.zaxxer.hikari.HikariDataSource]: Factory method 'dataSource' threw exception; nested exception is java.lang.IllegalStateException: Cannot load driver class: oracle.jdbc.OracleDriver
	at org.springframework.beans.factory.support.SimpleInstantiationStrategy.instantiate(SimpleInstantiationStrategy.java:185)
	at org.springframework.beans.factory.support.ConstructorResolver.instantiate(ConstructorResolver.java:651)
	... 41 common frames omitted
Caused by: java.lang.IllegalStateException: Cannot load driver class: oracle.jdbc.OracleDriver
	at org.springframework.util.Assert.state(Assert.java:94)
	at org.springframework.boot.autoconfigure.jdbc.DataSourceProperties.determineDriverClassName(DataSourceProperties.java:222)
	at org.springframework.boot.autoconfigure.jdbc.DataSourceProperties.initializeDataSourceBuilder(DataSourceProperties.java:174)
	at org.springframework.boot.autoconfigure.jdbc.DataSourceConfiguration.createDataSource(DataSourceConfiguration.java:43)
	at org.springframework.boot.autoconfigure.jdbc.DataSourceConfiguration$Hikari.dataSource(DataSourceConfiguration.java:85)
	at sun.reflect.NativeMethodAccessorImpl.invoke0(Native Method)
	at sun.reflect.NativeMethodAccessorImpl.invoke(Unknown Source)
	at sun.reflect.DelegatingMethodAccessorImpl.invoke(Unknown Source)
	at java.lang.reflect.Method.invoke(Unknown Source)
	at org.springframework.beans.factory.support.SimpleInstantiationStrategy.instantiate(SimpleInstantiationStrategy.java:154)
	... 42 common frames omitted
2020-08-10 16:49:41,299 INFO com.sbi.cron.DemoSchedulerApplication [main] Starting DemoSchedulerApplication on LAPTOP-KMCUT1T0 with PID 7792 (D:\SBI\Code\swayam-all\SMJ\target\classes started by Anoop in D:\SBI\Code\swayam-all\SMJ)
2020-08-10 16:49:41,302 INFO com.sbi.cron.DemoSchedulerApplication [main] No active profile set, falling back to default profiles: default
2020-08-10 16:49:42,133 INFO com.zaxxer.hikari.HikariDataSource [main] HikariPool-1 - Starting...
2020-08-10 16:49:43,130 INFO com.zaxxer.hikari.HikariDataSource [main] HikariPool-1 - Start completed.
2020-08-10 16:49:43,187 INFO org.hibernate.jpa.internal.util.LogHelper [main] HHH000204: Processing PersistenceUnitInfo [name: default]
2020-08-10 16:49:43,270 INFO org.hibernate.Version [main] HHH000412: Hibernate ORM core version 5.4.12.Final
2020-08-10 16:49:43,465 INFO org.hibernate.annotations.common.Version [main] HCANN000001: Hibernate Commons Annotations {5.1.0.Final}
2020-08-10 16:49:43,594 INFO org.hibernate.dialect.Dialect [main] HHH000400: Using dialect: org.hibernate.dialect.Oracle10gDialect
2020-08-10 16:49:44,476 INFO org.hibernate.engine.transaction.jta.platform.internal.JtaPlatformInitiator [main] HHH000490: Using JtaPlatform implementation: [org.hibernate.engine.transaction.jta.platform.internal.NoJtaPlatform]
2020-08-10 16:49:44,853 INFO com.sbi.cron.DemoSchedulerApplication [main] Started DemoSchedulerApplication in 3.87 seconds (JVM running for 4.284)
2020-08-10 16:49:54,142 INFO com.sbi.cron.DemoSchedulerApplication [main] Starting DemoSchedulerApplication on LAPTOP-KMCUT1T0 with PID 19080 (D:\SBI\Code\swayam-all\SMJ\target\classes started by Anoop in D:\SBI\Code\swayam-all\SMJ)
2020-08-10 16:49:54,147 INFO com.sbi.cron.DemoSchedulerApplication [main] No active profile set, falling back to default profiles: default
2020-08-10 16:49:55,639 INFO com.zaxxer.hikari.HikariDataSource [main] HikariPool-1 - Starting...
2020-08-10 16:49:56,513 INFO com.zaxxer.hikari.HikariDataSource [main] HikariPool-1 - Start completed.
2020-08-10 16:49:56,553 INFO org.hibernate.jpa.internal.util.LogHelper [main] HHH000204: Processing PersistenceUnitInfo [name: default]
2020-08-10 16:49:56,614 INFO org.hibernate.Version [main] HHH000412: Hibernate ORM core version 5.4.12.Final
2020-08-10 16:49:56,775 INFO org.hibernate.annotations.common.Version [main] HCANN000001: Hibernate Commons Annotations {5.1.0.Final}
2020-08-10 16:49:56,912 INFO org.hibernate.dialect.Dialect [main] HHH000400: Using dialect: org.hibernate.dialect.Oracle10gDialect
2020-08-10 16:49:57,648 INFO org.hibernate.engine.transaction.jta.platform.internal.JtaPlatformInitiator [main] HHH000490: Using JtaPlatform implementation: [org.hibernate.engine.transaction.jta.platform.internal.NoJtaPlatform]
2020-08-10 16:49:57,999 INFO com.sbi.cron.DemoSchedulerApplication [main] Started DemoSchedulerApplication in 4.389 seconds (JVM running for 5.398)
2020-08-10 16:51:33,020 INFO com.sbi.cron.DemoSchedulerApplication [main] Starting DemoSchedulerApplication on LAPTOP-KMCUT1T0 with PID 16000 (D:\SBI\Code\swayam-all\SMJ\target\classes started by Anoop in D:\SBI\Code\swayam-all\SMJ)
2020-08-10 16:51:33,027 INFO com.sbi.cron.DemoSchedulerApplication [main] No active profile set, falling back to default profiles: default
2020-08-10 16:51:34,385 INFO com.zaxxer.hikari.HikariDataSource [main] HikariPool-1 - Starting...
2020-08-10 16:51:35,127 INFO com.zaxxer.hikari.HikariDataSource [main] HikariPool-1 - Start completed.
2020-08-10 16:51:35,171 INFO org.hibernate.jpa.internal.util.LogHelper [main] HHH000204: Processing PersistenceUnitInfo [name: default]
2020-08-10 16:51:35,251 INFO org.hibernate.Version [main] HHH000412: Hibernate ORM core version 5.4.12.Final
2020-08-10 16:51:35,394 INFO org.hibernate.annotations.common.Version [main] HCANN000001: Hibernate Commons Annotations {5.1.0.Final}
2020-08-10 16:51:35,527 INFO org.hibernate.dialect.Dialect [main] HHH000400: Using dialect: org.hibernate.dialect.Oracle10gDialect
2020-08-10 16:51:36,228 INFO org.hibernate.engine.transaction.jta.platform.internal.JtaPlatformInitiator [main] HHH000490: Using JtaPlatform implementation: [org.hibernate.engine.transaction.jta.platform.internal.NoJtaPlatform]
2020-08-10 16:51:36,557 INFO com.sbi.cron.DemoSchedulerApplication [main] Started DemoSchedulerApplication in 4.077 seconds (JVM running for 4.778)
2020-08-10 16:51:47,873 INFO com.sbi.cron.CommaSeparated [scheduling-1] filepathD:\SBI\Info\Jobs\Test\PSBK_UPDATE.txt
2020-08-10 16:51:49,759 INFO com.sbi.cron.CommaSeparated [scheduling-1] strLine"CIRCLENAME","MODULENAME","NETWORKNAME","REGIONNAME","BRANCH_NO","BRANCHNAME","LAST_PBK_DT","NO_OF_ACCOUNTS"
2020-08-10 16:51:53,089 INFO com.sbi.cron.CommaSeparated [scheduling-1] strLine"AHMEDABAD","ADMIN OFFICE-3 VADOD","NET-02                                                                                                                                                                                                  ","REG-01","03393","DANDIA BAZAR BARODA","2020-04-26"," 0000000000000000000000000013870."
2020-08-10 16:51:57,271 INFO com.sbi.cron.CommaSeparated [scheduling-1] CIRCLENAME - AHMEDABAD MODULENAME- ADMIN OFFICE-3 VADOD NETWORKNAME- NET-02                                                                                                                                                                                                   REGIONNAME- REG-01 BRANCH_NO- 03393 BRANCHNAME- DANDIA BAZAR BARODA LAST_PBK_DT- 2020-04-26 NO_OF_ACCOUNTS-  0000000000000000000000000013870.
2020-08-10 16:52:14,435 INFO com.sbi.cron.CommaSeparated [scheduling-1] strLine"AMARAVATHI","KAKINADA","NET-01                                                                                                                                                                                                  ","REG-05","12723","MARKET YARD TADEPALLIGUDEM","2020-04-26"," 0000000000000000000000000000006."
2020-08-10 16:52:31,377 INFO com.sbi.cron.CommaSeparated [scheduling-1] CIRCLENAME - AMARAVATHI MODULENAME- KAKINADA NETWORKNAME- NET-01                                                                                                                                                                                                   REGIONNAME- REG-05 BRANCH_NO- 12723 BRANCHNAME- MARKET YARD TADEPALLIGUDEM LAST_PBK_DT- 2020-04-26 NO_OF_ACCOUNTS-  0000000000000000000000000000006.
2020-08-10 16:52:31,379 INFO com.sbi.cron.CommaSeparated [scheduling-1] strLine"AMARAVATHI","VIJAYAWADA","NET-01                                                                                                                                                                                                  ","REG-03","18712","ASHOK NAGAR ELURU","2020-04-26"," 0000000000000000000000000000001."
2020-08-10 16:52:31,380 INFO com.sbi.cron.CommaSeparated [scheduling-1] CIRCLENAME - AMARAVATHI MODULENAME- VIJAYAWADA NETWORKNAME- NET-01                                                                                                                                                                                                   REGIONNAME- REG-03 BRANCH_NO- 18712 BRANCHNAME- ASHOK NAGAR ELURU LAST_PBK_DT- 2020-04-26 NO_OF_ACCOUNTS-  0000000000000000000000000000001.
2020-08-10 16:52:31,380 INFO com.sbi.cron.CommaSeparated [scheduling-1] strLine"AMARAVATHI","VISAKHAPATNAM","NET-01                                                                                                                                                                                                  ","REG-01","15380","KOHINOOR - VISAKHA","2020-04-26"," 0000000000000000000000000000001."
2020-08-10 16:52:31,381 INFO com.sbi.cron.CommaSeparated [scheduling-1] CIRCLENAME - AMARAVATHI MODULENAME- VISAKHAPATNAM NETWORKNAME- NET-01                                                                                                                                                                                                   REGIONNAME- REG-01 BRANCH_NO- 15380 BRANCHNAME- KOHINOOR - VISAKHA LAST_PBK_DT- 2020-04-26 NO_OF_ACCOUNTS-  0000000000000000000000000000001.
2020-08-10 16:52:31,382 INFO com.sbi.cron.CommaSeparated [scheduling-1] listp[com.sbi.cron.dto.BranchTransactionDayDto@3da64b0e, com.sbi.cron.dto.BranchTransactionDayDto@2ae54975, com.sbi.cron.dto.BranchTransactionDayDto@c5137f5, com.sbi.cron.dto.BranchTransactionDayDto@52f86b2b]
2020-08-10 16:57:30,444 INFO com.sbi.cron.DemoSchedulerApplication [main] Starting DemoSchedulerApplication on LAPTOP-KMCUT1T0 with PID 16776 (D:\SBI\Code\swayam-all\SMJ\target\classes started by Anoop in D:\SBI\Code\swayam-all\SMJ)
2020-08-10 16:57:30,453 INFO com.sbi.cron.DemoSchedulerApplication [main] No active profile set, falling back to default profiles: default
2020-08-10 16:57:31,846 INFO com.zaxxer.hikari.HikariDataSource [main] HikariPool-1 - Starting...
2020-08-10 16:57:32,631 INFO com.zaxxer.hikari.HikariDataSource [main] HikariPool-1 - Start completed.
2020-08-10 16:57:32,669 INFO org.hibernate.jpa.internal.util.LogHelper [main] HHH000204: Processing PersistenceUnitInfo [name: default]
2020-08-10 16:57:32,731 INFO org.hibernate.Version [main] HHH000412: Hibernate ORM core version 5.4.12.Final
2020-08-10 16:57:32,902 INFO org.hibernate.annotations.common.Version [main] HCANN000001: Hibernate Commons Annotations {5.1.0.Final}
2020-08-10 16:57:33,052 INFO org.hibernate.dialect.Dialect [main] HHH000400: Using dialect: org.hibernate.dialect.Oracle10gDialect
2020-08-10 16:57:33,961 INFO org.hibernate.engine.transaction.jta.platform.internal.JtaPlatformInitiator [main] HHH000490: Using JtaPlatform implementation: [org.hibernate.engine.transaction.jta.platform.internal.NoJtaPlatform]
2020-08-10 16:57:34,335 INFO com.sbi.cron.DemoSchedulerApplication [main] Started DemoSchedulerApplication in 4.416 seconds (JVM running for 5.191)
2020-08-10 16:57:47,515 INFO com.sbi.cron.CommaSeparated [scheduling-1] filepathD:\SBI\Info\Jobs\Test\PSBK_UPDATE.txt
2020-08-10 16:57:47,516 INFO com.sbi.cron.CommaSeparated [scheduling-1] strLine"CIRCLENAME","MODULENAME","NETWORKNAME","REGIONNAME","BRANCH_NO","BRANCHNAME","LAST_PBK_DT","NO_OF_ACCOUNTS"
2020-08-10 16:57:47,517 INFO com.sbi.cron.CommaSeparated [scheduling-1] strLine"KOLKATA LHO","AO-4 SILLIGURI","NET-03                                                                                                                                                                                                  ","REG-02","06829","PRADHAN NAGAR (SILIGURI)","2020-04-26"," 0000000000000000000000000000001."
2020-08-10 16:57:47,519 INFO com.sbi.cron.CommaSeparated [scheduling-1] strLine"KOLKATA LHO","AO-4 SILLIGURI","NET-03                                                                                                                                                                                                  ","REG-02","07245","HAKIMPARA (SILIGURI)","2020-04-26"," 0000000000000000000000000000001."
2020-08-10 16:57:47,519 INFO com.sbi.cron.CommaSeparated [scheduling-1] strLine"KOLKATA LHO","AO-4 SILLIGURI","NET-03                                                                                                                                                                                                  ","REG-04","08287","DEORALI BAZAR","2020-04-26"," 0000000000000000000000000000020."
2020-08-10 16:57:47,520 INFO com.sbi.cron.CommaSeparated [scheduling-1] strLine"KOLKATA LHO","AO-4 SILLIGURI","NET-03                                                                                                                                                                                                  ","REG-05","05523","RAIGANJ BAZAR","2020-04-26"," 0000000000000000000000000000002."
2020-08-10 16:57:47,520 INFO com.sbi.cron.CommaSeparated [scheduling-1] listp[com.sbi.cron.dto.BranchTransactionDayDto@5384bbd6, com.sbi.cron.dto.BranchTransactionDayDto@3d746368, com.sbi.cron.dto.BranchTransactionDayDto@621d8bf2, com.sbi.cron.dto.BranchTransactionDayDto@45070de4]
