2020-07-30 13:29:30,097 INFO sbi.kiosk.swayam.SwayamApplication [main] Starting SwayamApplication on LAPTOP-KMCUT1T0 with PID 20152 (D:\SBI\Code\swayam-all\Swayam\target\classes started by Anoop in D:\SBI\Code\swayam-all\Swayam)
2020-07-30 13:29:30,106 DEBUG sbi.kiosk.swayam.SwayamApplication [main] Running with Spring Boot v2.0.0.RELEASE, Spring v5.0.4.RELEASE
2020-07-30 13:29:30,107 INFO sbi.kiosk.swayam.SwayamApplication [main] No active profile set, falling back to default profiles: default
2020-07-30 13:29:32,268 INFO org.apache.catalina.core.StandardService [main] Starting service [Tomcat]
2020-07-30 13:29:32,268 INFO org.apache.catalina.core.StandardEngine [main] Starting Servlet Engine: Apache Tomcat/8.5.28
2020-07-30 13:29:32,272 INFO org.apache.catalina.core.AprLifecycleListener [localhost-startStop-1] The APR based Apache Tomcat Native library which allows optimal performance in production environments was not found on the java.library.path: [C:\Program Files\Java\jre1.8.0_251\bin;C:\windows\Sun\Java\bin;C:\windows\system32;C:\windows;C:/Program Files/Java/jre1.8.0_251/bin/server;C:/Program Files/Java/jre1.8.0_251/bin;C:/Program Files/Java/jre1.8.0_251/lib/amd64;C:\Softwares\oracle\app\oracle\product\11.2.0\server\bin;;C:\Program Files (x86)\Common Files\Oracle\Java\javapath;C:\windows\system32;C:\windows;C:\windows\System32\Wbem;C:\windows\System32\WindowsPowerShell\v1.0\;C:\windows\System32\OpenSSH\;C:\Softwares\git\Git\cmd;C:\Users\Anoop\AppData\Local\Microsoft\WindowsApps;;C:\Softwares\sts-4.7.0.RELEASE;;.]
2020-07-30 13:29:32,494 WARN org.apache.tomcat.util.scan.StandardJarScanner [localhost-startStop-1] Failed to scan [file:/D:/SBI/Info/ojdbc/oraclepki.jar] from classloader hierarchy
java.io.FileNotFoundException: D:\SBI\Info\ojdbc\oraclepki.jar (The system cannot find the file specified)
	at java.util.zip.ZipFile.open(Native Method)
	at java.util.zip.ZipFile.<init>(Unknown Source)
	at java.util.zip.ZipFile.<init>(Unknown Source)
	at java.util.jar.JarFile.<init>(Unknown Source)
	at java.util.jar.JarFile.<init>(Unknown Source)
	at org.apache.tomcat.util.compat.JreCompat.jarFileNewInstance(JreCompat.java:188)
	at org.apache.tomcat.util.scan.JarFileUrlJar.<init>(JarFileUrlJar.java:65)
	at org.apache.tomcat.util.scan.JarFactory.newInstance(JarFactory.java:49)
	at org.apache.tomcat.util.scan.StandardJarScanner.process(StandardJarScanner.java:374)
	at org.apache.tomcat.util.scan.StandardJarScanner.processURLs(StandardJarScanner.java:309)
	at org.apache.tomcat.util.scan.StandardJarScanner.doScanClassPath(StandardJarScanner.java:266)
	at org.apache.tomcat.util.scan.StandardJarScanner.scan(StandardJarScanner.java:229)
	at org.apache.jasper.servlet.TldScanner.scanJars(TldScanner.java:262)
	at org.apache.jasper.servlet.TldScanner.scan(TldScanner.java:104)
	at org.apache.jasper.servlet.JasperInitializer.onStartup(JasperInitializer.java:101)
	at org.apache.catalina.core.StandardContext.startInternal(StandardContext.java:5204)
	at org.apache.catalina.util.LifecycleBase.start(LifecycleBase.java:150)
	at org.apache.catalina.core.ContainerBase$StartChild.call(ContainerBase.java:1419)
	at org.apache.catalina.core.ContainerBase$StartChild.call(ContainerBase.java:1409)
	at java.util.concurrent.FutureTask.run(Unknown Source)
	at java.util.concurrent.ThreadPoolExecutor.runWorker(Unknown Source)
	at java.util.concurrent.ThreadPoolExecutor$Worker.run(Unknown Source)
	at java.lang.Thread.run(Unknown Source)
2020-07-30 13:29:32,495 WARN org.apache.tomcat.util.scan.StandardJarScanner [localhost-startStop-1] Failed to scan [file:/D:/SBI/Info/ojdbc/osdt_core.jar] from classloader hierarchy
java.io.FileNotFoundException: D:\SBI\Info\ojdbc\osdt_core.jar (The system cannot find the file specified)
	at java.util.zip.ZipFile.open(Native Method)
	at java.util.zip.ZipFile.<init>(Unknown Source)
	at java.util.zip.ZipFile.<init>(Unknown Source)
	at java.util.jar.JarFile.<init>(Unknown Source)
	at java.util.jar.JarFile.<init>(Unknown Source)
	at org.apache.tomcat.util.compat.JreCompat.jarFileNewInstance(JreCompat.java:188)
	at org.apache.tomcat.util.scan.JarFileUrlJar.<init>(JarFileUrlJar.java:65)
	at org.apache.tomcat.util.scan.JarFactory.newInstance(JarFactory.java:49)
	at org.apache.tomcat.util.scan.StandardJarScanner.process(StandardJarScanner.java:374)
	at org.apache.tomcat.util.scan.StandardJarScanner.processURLs(StandardJarScanner.java:309)
	at org.apache.tomcat.util.scan.StandardJarScanner.doScanClassPath(StandardJarScanner.java:266)
	at org.apache.tomcat.util.scan.StandardJarScanner.scan(StandardJarScanner.java:229)
	at org.apache.jasper.servlet.TldScanner.scanJars(TldScanner.java:262)
	at org.apache.jasper.servlet.TldScanner.scan(TldScanner.java:104)
	at org.apache.jasper.servlet.JasperInitializer.onStartup(JasperInitializer.java:101)
	at org.apache.catalina.core.StandardContext.startInternal(StandardContext.java:5204)
	at org.apache.catalina.util.LifecycleBase.start(LifecycleBase.java:150)
	at org.apache.catalina.core.ContainerBase$StartChild.call(ContainerBase.java:1419)
	at org.apache.catalina.core.ContainerBase$StartChild.call(ContainerBase.java:1409)
	at java.util.concurrent.FutureTask.run(Unknown Source)
	at java.util.concurrent.ThreadPoolExecutor.runWorker(Unknown Source)
	at java.util.concurrent.ThreadPoolExecutor$Worker.run(Unknown Source)
	at java.lang.Thread.run(Unknown Source)
2020-07-30 13:29:32,496 WARN org.apache.tomcat.util.scan.StandardJarScanner [localhost-startStop-1] Failed to scan [file:/D:/SBI/Info/ojdbc/osdt_cert.jar] from classloader hierarchy
java.io.FileNotFoundException: D:\SBI\Info\ojdbc\osdt_cert.jar (The system cannot find the file specified)
	at java.util.zip.ZipFile.open(Native Method)
	at java.util.zip.ZipFile.<init>(Unknown Source)
	at java.util.zip.ZipFile.<init>(Unknown Source)
	at java.util.jar.JarFile.<init>(Unknown Source)
	at java.util.jar.JarFile.<init>(Unknown Source)
	at org.apache.tomcat.util.compat.JreCompat.jarFileNewInstance(JreCompat.java:188)
	at org.apache.tomcat.util.scan.JarFileUrlJar.<init>(JarFileUrlJar.java:65)
	at org.apache.tomcat.util.scan.JarFactory.newInstance(JarFactory.java:49)
	at org.apache.tomcat.util.scan.StandardJarScanner.process(StandardJarScanner.java:374)
	at org.apache.tomcat.util.scan.StandardJarScanner.processURLs(StandardJarScanner.java:309)
	at org.apache.tomcat.util.scan.StandardJarScanner.doScanClassPath(StandardJarScanner.java:266)
	at org.apache.tomcat.util.scan.StandardJarScanner.scan(StandardJarScanner.java:229)
	at org.apache.jasper.servlet.TldScanner.scanJars(TldScanner.java:262)
	at org.apache.jasper.servlet.TldScanner.scan(TldScanner.java:104)
	at org.apache.jasper.servlet.JasperInitializer.onStartup(JasperInitializer.java:101)
	at org.apache.catalina.core.StandardContext.startInternal(StandardContext.java:5204)
	at org.apache.catalina.util.LifecycleBase.start(LifecycleBase.java:150)
	at org.apache.catalina.core.ContainerBase$StartChild.call(ContainerBase.java:1419)
	at org.apache.catalina.core.ContainerBase$StartChild.call(ContainerBase.java:1409)
	at java.util.concurrent.FutureTask.run(Unknown Source)
	at java.util.concurrent.ThreadPoolExecutor.runWorker(Unknown Source)
	at java.util.concurrent.ThreadPoolExecutor$Worker.run(Unknown Source)
	at java.lang.Thread.run(Unknown Source)
2020-07-30 13:29:32,498 WARN org.apache.tomcat.util.scan.StandardJarScanner [localhost-startStop-1] Failed to scan [file:/D:/SBI/Info/oracle.osdt/osdt_core.jar] from classloader hierarchy
java.io.FileNotFoundException: D:\SBI\Info\oracle.osdt\osdt_core.jar (The system cannot find the path specified)
	at java.util.zip.ZipFile.open(Native Method)
	at java.util.zip.ZipFile.<init>(Unknown Source)
	at java.util.zip.ZipFile.<init>(Unknown Source)
	at java.util.jar.JarFile.<init>(Unknown Source)
	at java.util.jar.JarFile.<init>(Unknown Source)
	at org.apache.tomcat.util.compat.JreCompat.jarFileNewInstance(JreCompat.java:188)
	at org.apache.tomcat.util.scan.JarFileUrlJar.<init>(JarFileUrlJar.java:65)
	at org.apache.tomcat.util.scan.JarFactory.newInstance(JarFactory.java:49)
	at org.apache.tomcat.util.scan.StandardJarScanner.process(StandardJarScanner.java:374)
	at org.apache.tomcat.util.scan.StandardJarScanner.processURLs(StandardJarScanner.java:309)
	at org.apache.tomcat.util.scan.StandardJarScanner.doScanClassPath(StandardJarScanner.java:266)
	at org.apache.tomcat.util.scan.StandardJarScanner.scan(StandardJarScanner.java:229)
	at org.apache.jasper.servlet.TldScanner.scanJars(TldScanner.java:262)
	at org.apache.jasper.servlet.TldScanner.scan(TldScanner.java:104)
	at org.apache.jasper.servlet.JasperInitializer.onStartup(JasperInitializer.java:101)
	at org.apache.catalina.core.StandardContext.startInternal(StandardContext.java:5204)
	at org.apache.catalina.util.LifecycleBase.start(LifecycleBase.java:150)
	at org.apache.catalina.core.ContainerBase$StartChild.call(ContainerBase.java:1419)
	at org.apache.catalina.core.ContainerBase$StartChild.call(ContainerBase.java:1409)
	at java.util.concurrent.FutureTask.run(Unknown Source)
	at java.util.concurrent.ThreadPoolExecutor.runWorker(Unknown Source)
	at java.util.concurrent.ThreadPoolExecutor$Worker.run(Unknown Source)
	at java.lang.Thread.run(Unknown Source)
2020-07-30 13:29:32,499 WARN org.apache.tomcat.util.scan.StandardJarScanner [localhost-startStop-1] Failed to scan [file:/D:/SBI/Info/oracle.osdt/osdt_cert.jar] from classloader hierarchy
java.io.FileNotFoundException: D:\SBI\Info\oracle.osdt\osdt_cert.jar (The system cannot find the path specified)
	at java.util.zip.ZipFile.open(Native Method)
	at java.util.zip.ZipFile.<init>(Unknown Source)
	at java.util.zip.ZipFile.<init>(Unknown Source)
	at java.util.jar.JarFile.<init>(Unknown Source)
	at java.util.jar.JarFile.<init>(Unknown Source)
	at org.apache.tomcat.util.compat.JreCompat.jarFileNewInstance(JreCompat.java:188)
	at org.apache.tomcat.util.scan.JarFileUrlJar.<init>(JarFileUrlJar.java:65)
	at org.apache.tomcat.util.scan.JarFactory.newInstance(JarFactory.java:49)
	at org.apache.tomcat.util.scan.StandardJarScanner.process(StandardJarScanner.java:374)
	at org.apache.tomcat.util.scan.StandardJarScanner.processURLs(StandardJarScanner.java:309)
	at org.apache.tomcat.util.scan.StandardJarScanner.doScanClassPath(StandardJarScanner.java:266)
	at org.apache.tomcat.util.scan.StandardJarScanner.scan(StandardJarScanner.java:229)
	at org.apache.jasper.servlet.TldScanner.scanJars(TldScanner.java:262)
	at org.apache.jasper.servlet.TldScanner.scan(TldScanner.java:104)
	at org.apache.jasper.servlet.JasperInitializer.onStartup(JasperInitializer.java:101)
	at org.apache.catalina.core.StandardContext.startInternal(StandardContext.java:5204)
	at org.apache.catalina.util.LifecycleBase.start(LifecycleBase.java:150)
	at org.apache.catalina.core.ContainerBase$StartChild.call(ContainerBase.java:1419)
	at org.apache.catalina.core.ContainerBase$StartChild.call(ContainerBase.java:1409)
	at java.util.concurrent.FutureTask.run(Unknown Source)
	at java.util.concurrent.ThreadPoolExecutor.runWorker(Unknown Source)
	at java.util.concurrent.ThreadPoolExecutor$Worker.run(Unknown Source)
	at java.lang.Thread.run(Unknown Source)
2020-07-30 13:29:32,502 INFO org.apache.jasper.servlet.TldScanner [localhost-startStop-1] At least one JAR was scanned for TLDs yet contained no TLDs. Enable debug logging for this logger for a complete list of JARs that were scanned but no TLDs were found in them. Skipping unneeded JARs during scanning can improve startup time and JSP compilation time.
2020-07-30 13:29:32,508 INFO org.apache.catalina.core.ContainerBase.[Tomcat].[localhost].[/SMT] [localhost-startStop-1] Initializing Spring embedded WebApplicationContext
2020-07-30 13:29:33,592 INFO com.zaxxer.hikari.HikariDataSource [localhost-startStop-1] HikariPool-1 - Starting...
2020-07-30 13:29:34,096 INFO com.zaxxer.hikari.HikariDataSource [localhost-startStop-1] HikariPool-1 - Start completed.
2020-07-30 13:29:34,183 INFO org.hibernate.jpa.internal.util.LogHelper [localhost-startStop-1] HHH000204: Processing PersistenceUnitInfo [
	name: default
	...]
2020-07-30 13:29:34,303 INFO org.hibernate.Version [localhost-startStop-1] HHH000412: Hibernate Core {5.2.14.Final}
2020-07-30 13:29:34,305 INFO org.hibernate.cfg.Environment [localhost-startStop-1] HHH000206: hibernate.properties not found
2020-07-30 13:29:34,360 INFO org.hibernate.annotations.common.Version [localhost-startStop-1] HCANN000001: Hibernate Commons Annotations {5.1.0.Final}
2020-07-30 13:29:34,553 INFO org.hibernate.dialect.Dialect [localhost-startStop-1] HHH000400: Using dialect: org.hibernate.dialect.Oracle10gDialect
2020-07-30 13:29:34,735 INFO org.hibernate.envers.boot.internal.EnversServiceImpl [localhost-startStop-1] Envers integration enabled? : true
2020-07-30 13:29:35,675 WARN org.hibernate.orm.deprecation [localhost-startStop-1] HHH90000014: Found use of deprecated [org.hibernate.id.SequenceGenerator] sequence-based id generator; use org.hibernate.id.enhanced.SequenceStyleGenerator instead.  See Hibernate Domain Model Mapping Guide for details.
2020-07-30 13:29:35,678 WARN org.hibernate.orm.deprecation [localhost-startStop-1] HHH90000014: Found use of deprecated [org.hibernate.id.SequenceHiLoGenerator] sequence-based id generator; use org.hibernate.id.enhanced.SequenceStyleGenerator instead.  See Hibernate Domain Model Mapping Guide for details.
2020-07-30 13:29:35,679 WARN org.hibernate.orm.deprecation [localhost-startStop-1] HHH90000014: Found use of deprecated [org.hibernate.id.SequenceHiLoGenerator] sequence-based id generator; use org.hibernate.id.enhanced.SequenceStyleGenerator instead.  See Hibernate Domain Model Mapping Guide for details.
2020-07-30 13:29:35,679 WARN org.hibernate.orm.deprecation [localhost-startStop-1] HHH90000014: Found use of deprecated [org.hibernate.id.SequenceHiLoGenerator] sequence-based id generator; use org.hibernate.id.enhanced.SequenceStyleGenerator instead.  See Hibernate Domain Model Mapping Guide for details.
2020-07-30 13:29:35,679 WARN org.hibernate.orm.deprecation [localhost-startStop-1] HHH90000014: Found use of deprecated [org.hibernate.id.SequenceHiLoGenerator] sequence-based id generator; use org.hibernate.id.enhanced.SequenceStyleGenerator instead.  See Hibernate Domain Model Mapping Guide for details.
2020-07-30 13:29:35,679 WARN org.hibernate.orm.deprecation [localhost-startStop-1] HHH90000014: Found use of deprecated [org.hibernate.id.SequenceGenerator] sequence-based id generator; use org.hibernate.id.enhanced.SequenceStyleGenerator instead.  See Hibernate Domain Model Mapping Guide for details.
2020-07-30 13:29:35,679 WARN org.hibernate.orm.deprecation [localhost-startStop-1] HHH90000014: Found use of deprecated [org.hibernate.id.SequenceHiLoGenerator] sequence-based id generator; use org.hibernate.id.enhanced.SequenceStyleGenerator instead.  See Hibernate Domain Model Mapping Guide for details.
2020-07-30 13:29:35,679 WARN org.hibernate.orm.deprecation [localhost-startStop-1] HHH90000014: Found use of deprecated [org.hibernate.id.SequenceHiLoGenerator] sequence-based id generator; use org.hibernate.id.enhanced.SequenceStyleGenerator instead.  See Hibernate Domain Model Mapping Guide for details.
2020-07-30 13:29:35,680 WARN org.hibernate.orm.deprecation [localhost-startStop-1] HHH90000014: Found use of deprecated [org.hibernate.id.SequenceHiLoGenerator] sequence-based id generator; use org.hibernate.id.enhanced.SequenceStyleGenerator instead.  See Hibernate Domain Model Mapping Guide for details.
2020-07-30 13:29:35,680 WARN org.hibernate.orm.deprecation [localhost-startStop-1] HHH90000014: Found use of deprecated [org.hibernate.id.SequenceHiLoGenerator] sequence-based id generator; use org.hibernate.id.enhanced.SequenceStyleGenerator instead.  See Hibernate Domain Model Mapping Guide for details.
2020-07-30 13:29:35,945 INFO org.hibernate.tuple.PojoInstantiator [localhost-startStop-1] HHH000182: No default (no-argument) constructor for class: sbi.kiosk.swayam.common.entity.CmsCmfMapping (class must be instantiated by Interceptor)
2020-07-30 13:29:36,903 DEBUG sbi.kiosk.swayam.common.filter.JwtRequestFilter [localhost-startStop-1] Initializing filter 'jwtRequestFilter'
2020-07-30 13:29:36,903 DEBUG sbi.kiosk.swayam.common.filter.JwtRequestFilter [localhost-startStop-1] Filter 'jwtRequestFilter' configured successfully
2020-07-30 13:29:38,233 INFO org.hibernate.hql.internal.QueryTranslatorFactoryInitiator [main] HHH000397: Using ASTQueryTranslatorFactory
2020-07-30 13:29:40,108 INFO sbi.kiosk.swayam.SwayamApplication [main] Started SwayamApplication in 10.38 seconds (JVM running for 10.779)
2020-07-30 13:29:50,317 INFO org.apache.catalina.core.ContainerBase.[Tomcat].[localhost].[/SMT] [http-nio-8090-exec-1] Initializing Spring FrameworkServlet 'dispatcherServlet'
2020-07-30 13:29:50,352 INFO sbi.kiosk.swayam.common.filter.JwtRequestFilter [http-nio-8090-exec-1] Inside the JwtRequest Filter
2020-07-30 13:29:50,352 INFO sbi.kiosk.swayam.common.filter.JwtRequestFilter [http-nio-8090-exec-1] Token = eyJhbGciOiJIUzI1NiJ9.eyJzdWIiOiI0NTYzNzM4IiwiZXhwIjoxNTk2MDYzODEzLCJpYXQiOjE1OTYwMjc4MTN9.JaqWPLqb7E259rcqbNrgJMiu9BsoobfjnIoa6ieaPsw
2020-07-30 13:29:50,456 ERROR org.apache.catalina.core.ContainerBase.[Tomcat].[localhost].[/SMT].[dispatcherServlet] [http-nio-8090-exec-1] Servlet.service() for servlet [dispatcherServlet] in context with path [/SMT] threw exception
io.jsonwebtoken.ExpiredJwtException: JWT expired at 2020-07-30T04:33:33Z. Current time: 2020-07-30T13:29:50Z, a difference of 32177452 milliseconds.  Allowed clock skew: 0 milliseconds.
	at io.jsonwebtoken.impl.DefaultJwtParser.parse(DefaultJwtParser.java:385)
	at io.jsonwebtoken.impl.DefaultJwtParser.parse(DefaultJwtParser.java:481)
	at io.jsonwebtoken.impl.DefaultJwtParser.parseClaimsJws(DefaultJwtParser.java:541)
	at sbi.kiosk.swayam.common.utils.JwtUtil.extractAllClaims(JwtUtil.java:33)
	at sbi.kiosk.swayam.common.utils.JwtUtil.extractClaim(JwtUtil.java:28)
	at sbi.kiosk.swayam.common.utils.JwtUtil.extractUsername(JwtUtil.java:20)
	at sbi.kiosk.swayam.common.filter.JwtRequestFilter.doFilterInternal(JwtRequestFilter.java:70)
	at org.springframework.web.filter.OncePerRequestFilter.doFilter(OncePerRequestFilter.java:107)
	at org.springframework.security.web.FilterChainProxy$VirtualFilterChain.doFilter(FilterChainProxy.java:334)
	at org.springframework.security.web.authentication.logout.LogoutFilter.doFilter(LogoutFilter.java:116)
	at org.springframework.security.web.FilterChainProxy$VirtualFilterChain.doFilter(FilterChainProxy.java:334)
	at org.springframework.security.web.csrf.CsrfFilter.doFilterInternal(CsrfFilter.java:100)
	at org.springframework.web.filter.OncePerRequestFilter.doFilter(OncePerRequestFilter.java:107)
	at org.springframework.security.web.FilterChainProxy$VirtualFilterChain.doFilter(FilterChainProxy.java:334)
	at org.springframework.security.web.header.HeaderWriterFilter.doFilterInternal(HeaderWriterFilter.java:66)
	at org.springframework.web.filter.OncePerRequestFilter.doFilter(OncePerRequestFilter.java:107)
	at org.springframework.security.web.FilterChainProxy$VirtualFilterChain.doFilter(FilterChainProxy.java:334)
	at org.springframework.security.web.context.SecurityContextPersistenceFilter.doFilter(SecurityContextPersistenceFilter.java:105)
	at org.springframework.security.web.FilterChainProxy$VirtualFilterChain.doFilter(FilterChainProxy.java:334)
	at org.springframework.security.web.context.request.async.WebAsyncManagerIntegrationFilter.doFilterInternal(WebAsyncManagerIntegrationFilter.java:56)
	at org.springframework.web.filter.OncePerRequestFilter.doFilter(OncePerRequestFilter.java:107)
	at org.springframework.security.web.FilterChainProxy$VirtualFilterChain.doFilter(FilterChainProxy.java:334)
	at org.springframework.security.web.FilterChainProxy.doFilterInternal(FilterChainProxy.java:215)
	at org.springframework.security.web.FilterChainProxy.doFilter(FilterChainProxy.java:178)
	at org.springframework.web.filter.DelegatingFilterProxy.invokeDelegate(DelegatingFilterProxy.java:357)
	at org.springframework.web.filter.DelegatingFilterProxy.doFilter(DelegatingFilterProxy.java:270)
	at org.apache.catalina.core.ApplicationFilterChain.internalDoFilter(ApplicationFilterChain.java:193)
	at org.apache.catalina.core.ApplicationFilterChain.doFilter(ApplicationFilterChain.java:166)
	at org.springframework.web.filter.CharacterEncodingFilter.doFilterInternal(CharacterEncodingFilter.java:200)
	at org.springframework.web.filter.OncePerRequestFilter.doFilter(OncePerRequestFilter.java:107)
	at org.apache.catalina.core.ApplicationFilterChain.internalDoFilter(ApplicationFilterChain.java:193)
	at org.apache.catalina.core.ApplicationFilterChain.doFilter(ApplicationFilterChain.java:166)
	at org.apache.catalina.core.StandardWrapperValve.invoke(StandardWrapperValve.java:199)
	at org.apache.catalina.core.StandardContextValve.invoke(StandardContextValve.java:96)
	at org.apache.catalina.authenticator.AuthenticatorBase.invoke(AuthenticatorBase.java:496)
	at org.apache.catalina.core.StandardHostValve.invoke(StandardHostValve.java:140)
	at org.apache.catalina.valves.ErrorReportValve.invoke(ErrorReportValve.java:81)
	at org.apache.catalina.core.StandardEngineValve.invoke(StandardEngineValve.java:87)
	at org.apache.catalina.connector.CoyoteAdapter.service(CoyoteAdapter.java:342)
	at org.apache.coyote.http11.Http11Processor.service(Http11Processor.java:803)
	at org.apache.coyote.AbstractProcessorLight.process(AbstractProcessorLight.java:66)
	at org.apache.coyote.AbstractProtocol$ConnectionHandler.process(AbstractProtocol.java:790)
	at org.apache.tomcat.util.net.NioEndpoint$SocketProcessor.doRun(NioEndpoint.java:1459)
	at org.apache.tomcat.util.net.SocketProcessorBase.run(SocketProcessorBase.java:49)
	at java.util.concurrent.ThreadPoolExecutor.runWorker(Unknown Source)
	at java.util.concurrent.ThreadPoolExecutor$Worker.run(Unknown Source)
	at org.apache.tomcat.util.threads.TaskThread$WrappingRunnable.run(TaskThread.java:61)
	at java.lang.Thread.run(Unknown Source)
2020-07-30 13:29:56,208 INFO sbi.kiosk.swayam.common.filter.JwtRequestFilter [http-nio-8090-exec-4] Inside the JwtRequest Filter
2020-07-30 13:29:56,265 INFO sbi.kiosk.swayam.common.controller.JwtController [http-nio-8090-exec-4] Inside /getToken 4563738
2020-07-30 13:29:56,267 INFO sbi.kiosk.swayam.common.service.MyUserDetailsService [http-nio-8090-exec-4] Inside MyUserDetailsService
2020-07-30 13:29:56,342 INFO sbi.kiosk.swayam.common.service.MyUserDetailsService [http-nio-8090-exec-4] Inside MyUserDetailsService
2020-07-30 13:29:56,378 INFO sbi.kiosk.swayam.common.controller.JwtController [http-nio-8090-exec-4] /getToken Sucess 4563738
2020-07-30 13:29:56,378 INFO sbi.kiosk.swayam.common.controller.JwtController [http-nio-8090-exec-4] JWT token eyJhbGciOiJIUzI1NiJ9.eyJzdWIiOiI0NTYzNzM4IiwiZXhwIjoxNTk2MTMxOTk2LCJpYXQiOjE1OTYwOTU5OTZ9.L8z752z0l4EmuAGz7B-qNEXPiUW7yul0Aakk03MX7sk
2020-07-30 13:30:13,623 INFO sbi.kiosk.swayam.common.filter.JwtRequestFilter [http-nio-8090-exec-6] Inside the JwtRequest Filter
2020-07-30 13:30:13,624 INFO sbi.kiosk.swayam.common.filter.JwtRequestFilter [http-nio-8090-exec-6] Token = eyJhbGciOiJIUzI1NiJ9.eyJzdWIiOiI0NTYzNzM4IiwiZXhwIjoxNTk2MTMxOTk2LCJpYXQiOjE1OTYwOTU5OTZ9.L8z752z0l4EmuAGz7B-qNEXPiUW7yul0Aakk03MX7sk
2020-07-30 13:30:13,630 INFO sbi.kiosk.swayam.common.service.MyUserDetailsService [http-nio-8090-exec-6] Inside MyUserDetailsService
2020-07-30 13:30:13,679 INFO sbi.kiosk.swayam.common.controller.LoginController [http-nio-8090-exec-6] Inside /authenticateUser?tokeneyJhbGciOiJIUzI1NiJ9.eyJzdWIiOiI0NTYzNzM4IiwiZXhwIjoxNTk2MTMxOTk2LCJpYXQiOjE1OTYwOTU5OTZ9.L8z752z0l4EmuAGz7B-qNEXPiUW7yul0Aakk03MX7sk USER_ID 4563738
2020-07-30 13:30:13,684 INFO sbi.kiosk.swayam.common.controller.LoginController [http-nio-8090-exec-6] Session Val4563738
2020-07-30 13:30:14,288 INFO sbi.kiosk.swayam.common.filter.JwtRequestFilter [http-nio-8090-exec-8] Inside the JwtRequest Filter
2020-07-30 13:30:14,289 INFO sbi.kiosk.swayam.common.filter.JwtRequestFilter [http-nio-8090-exec-7] Inside the JwtRequest Filter
2020-07-30 13:30:14,292 INFO sbi.kiosk.swayam.common.filter.JwtRequestFilter [http-nio-8090-exec-9] Inside the JwtRequest Filter
2020-07-30 13:30:14,294 INFO sbi.kiosk.swayam.common.filter.JwtRequestFilter [http-nio-8090-exec-10] Inside the JwtRequest Filter
2020-07-30 13:30:14,296 INFO sbi.kiosk.swayam.common.filter.JwtRequestFilter [http-nio-8090-exec-1] Inside the JwtRequest Filter
2020-07-30 13:30:14,296 INFO sbi.kiosk.swayam.common.filter.JwtRequestFilter [http-nio-8090-exec-3] Inside the JwtRequest Filter
2020-07-30 13:30:14,328 INFO sbi.kiosk.swayam.common.filter.JwtRequestFilter [http-nio-8090-exec-4] Inside the JwtRequest Filter
2020-07-30 13:30:14,330 INFO sbi.kiosk.swayam.common.filter.JwtRequestFilter [http-nio-8090-exec-9] Inside the JwtRequest Filter
2020-07-30 13:30:14,330 INFO sbi.kiosk.swayam.common.filter.JwtRequestFilter [http-nio-8090-exec-2] Inside the JwtRequest Filter
2020-07-30 13:30:14,333 INFO sbi.kiosk.swayam.common.filter.JwtRequestFilter [http-nio-8090-exec-5] Inside the JwtRequest Filter
2020-07-30 13:30:14,334 INFO sbi.kiosk.swayam.common.filter.JwtRequestFilter [http-nio-8090-exec-1] Inside the JwtRequest Filter
2020-07-30 13:30:14,335 INFO sbi.kiosk.swayam.common.filter.JwtRequestFilter [http-nio-8090-exec-6] Inside the JwtRequest Filter
2020-07-30 13:30:14,446 INFO sbi.kiosk.swayam.common.filter.JwtRequestFilter [http-nio-8090-exec-8] Inside the JwtRequest Filter
2020-07-30 13:30:14,495 INFO sbi.kiosk.swayam.common.filter.JwtRequestFilter [http-nio-8090-exec-10] Inside the JwtRequest Filter
2020-07-30 13:30:14,500 INFO sbi.kiosk.swayam.common.controller.LoginController [http-nio-8090-exec-10] Session Val1111::: 4563738
2020-07-30 13:30:23,817 INFO sbi.kiosk.swayam.common.filter.JwtRequestFilter [http-nio-8090-exec-4] Inside the JwtRequest Filter
2020-07-30 13:30:23,996 INFO sbi.kiosk.swayam.common.filter.JwtRequestFilter [http-nio-8090-exec-2] Inside the JwtRequest Filter
2020-07-30 13:30:23,998 INFO sbi.kiosk.swayam.common.filter.JwtRequestFilter [http-nio-8090-exec-10] Inside the JwtRequest Filter
2020-07-30 13:30:23,998 INFO sbi.kiosk.swayam.common.filter.JwtRequestFilter [http-nio-8090-exec-8] Inside the JwtRequest Filter
2020-07-30 13:30:23,999 INFO sbi.kiosk.swayam.common.filter.JwtRequestFilter [http-nio-8090-exec-7] Inside the JwtRequest Filter
2020-07-30 13:30:24,002 INFO sbi.kiosk.swayam.common.filter.JwtRequestFilter [http-nio-8090-exec-3] Inside the JwtRequest Filter
2020-07-30 13:30:24,028 INFO sbi.kiosk.swayam.common.filter.JwtRequestFilter [http-nio-8090-exec-9] Inside the JwtRequest Filter
2020-07-30 13:30:24,049 INFO sbi.kiosk.swayam.common.filter.JwtRequestFilter [http-nio-8090-exec-1] Inside the JwtRequest Filter
2020-07-30 13:30:24,065 INFO sbi.kiosk.swayam.common.filter.JwtRequestFilter [http-nio-8090-exec-6] Inside the JwtRequest Filter
2020-07-30 13:30:24,075 INFO sbi.kiosk.swayam.common.filter.JwtRequestFilter [http-nio-8090-exec-5] Inside the JwtRequest Filter
2020-07-30 13:30:24,088 INFO sbi.kiosk.swayam.common.filter.JwtRequestFilter [http-nio-8090-exec-4] Inside the JwtRequest Filter
2020-07-30 13:30:24,153 INFO sbi.kiosk.swayam.common.filter.JwtRequestFilter [http-nio-8090-exec-2] Inside the JwtRequest Filter
2020-07-30 13:30:24,166 INFO sbi.kiosk.swayam.common.filter.JwtRequestFilter [http-nio-8090-exec-8] Inside the JwtRequest Filter
2020-07-30 13:30:24,182 INFO sbi.kiosk.swayam.common.filter.JwtRequestFilter [http-nio-8090-exec-10] Inside the JwtRequest Filter
2020-07-30 13:30:24,214 INFO sbi.kiosk.swayam.common.filter.JwtRequestFilter [http-nio-8090-exec-7] Inside the JwtRequest Filter
2020-07-30 13:30:24,341 INFO sbi.kiosk.swayam.common.filter.JwtRequestFilter [http-nio-8090-exec-9] Inside the JwtRequest Filter
2020-07-30 13:30:24,341 INFO sbi.kiosk.swayam.common.filter.JwtRequestFilter [http-nio-8090-exec-3] Inside the JwtRequest Filter
2020-07-30 13:30:24,341 INFO sbi.kiosk.swayam.common.filter.JwtRequestFilter [http-nio-8090-exec-1] Inside the JwtRequest Filter
2020-07-30 13:31:58,369 INFO sbi.kiosk.swayam.common.filter.JwtRequestFilter [http-nio-8090-exec-7] Inside the JwtRequest Filter
2020-07-30 13:31:58,369 INFO sbi.kiosk.swayam.common.filter.JwtRequestFilter [http-nio-8090-exec-7] Token = eyJhbGciOiJIUzI1NiJ9.eyJzdWIiOiI0NTYzNzM4IiwiZXhwIjoxNTk2MTMxOTk2LCJpYXQiOjE1OTYwOTU5OTZ9.L8z752z0l4EmuAGz7B-qNEXPiUW7yul0Aakk03MX7sk
2020-07-30 13:31:58,371 INFO sbi.kiosk.swayam.common.service.MyUserDetailsService [http-nio-8090-exec-7] Inside MyUserDetailsService
2020-07-30 13:31:58,392 INFO sbi.kiosk.swayam.common.controller.LoginController [http-nio-8090-exec-7] Inside /authenticateUser?tokeneyJhbGciOiJIUzI1NiJ9.eyJzdWIiOiI0NTYzNzM4IiwiZXhwIjoxNTk2MTMxOTk2LCJpYXQiOjE1OTYwOTU5OTZ9.L8z752z0l4EmuAGz7B-qNEXPiUW7yul0Aakk03MX7sk USER_ID 4563738
2020-07-30 13:31:58,395 INFO sbi.kiosk.swayam.common.controller.LoginController [http-nio-8090-exec-7] Session Val4563738
2020-07-30 13:31:58,471 INFO sbi.kiosk.swayam.common.filter.JwtRequestFilter [http-nio-8090-exec-9] Inside the JwtRequest Filter
2020-07-30 13:31:58,472 INFO sbi.kiosk.swayam.common.filter.JwtRequestFilter [http-nio-8090-exec-3] Inside the JwtRequest Filter
2020-07-30 13:31:58,479 INFO sbi.kiosk.swayam.common.filter.JwtRequestFilter [http-nio-8090-exec-1] Inside the JwtRequest Filter
2020-07-30 13:31:58,479 INFO sbi.kiosk.swayam.common.filter.JwtRequestFilter [http-nio-8090-exec-5] Inside the JwtRequest Filter
2020-07-30 13:31:58,482 INFO sbi.kiosk.swayam.common.filter.JwtRequestFilter [http-nio-8090-exec-9] Inside the JwtRequest Filter
2020-07-30 13:31:58,484 INFO sbi.kiosk.swayam.common.filter.JwtRequestFilter [http-nio-8090-exec-6] Inside the JwtRequest Filter
2020-07-30 13:31:58,490 INFO sbi.kiosk.swayam.common.filter.JwtRequestFilter [http-nio-8090-exec-2] Inside the JwtRequest Filter
2020-07-30 13:31:58,491 INFO sbi.kiosk.swayam.common.filter.JwtRequestFilter [http-nio-8090-exec-8] Inside the JwtRequest Filter
2020-07-30 13:31:58,499 INFO sbi.kiosk.swayam.common.filter.JwtRequestFilter [http-nio-8090-exec-10] Inside the JwtRequest Filter
2020-07-30 13:31:58,502 INFO sbi.kiosk.swayam.common.filter.JwtRequestFilter [http-nio-8090-exec-7] Inside the JwtRequest Filter
2020-07-30 13:31:58,504 INFO sbi.kiosk.swayam.common.filter.JwtRequestFilter [http-nio-8090-exec-4] Inside the JwtRequest Filter
2020-07-30 13:31:58,506 INFO sbi.kiosk.swayam.common.filter.JwtRequestFilter [http-nio-8090-exec-3] Inside the JwtRequest Filter
2020-07-30 13:31:58,543 INFO sbi.kiosk.swayam.common.filter.JwtRequestFilter [http-nio-8090-exec-5] Inside the JwtRequest Filter
2020-07-30 13:31:58,630 INFO sbi.kiosk.swayam.common.filter.JwtRequestFilter [http-nio-8090-exec-1] Inside the JwtRequest Filter
2020-07-30 13:31:58,635 INFO sbi.kiosk.swayam.common.controller.LoginController [http-nio-8090-exec-1] Session Val1111::: 4563738
2020-07-30 13:33:39,909 INFO sbi.kiosk.swayam.common.filter.JwtRequestFilter [http-nio-8090-exec-7] Inside the JwtRequest Filter
2020-07-30 13:33:39,912 INFO sbi.kiosk.swayam.common.controller.JwtController [http-nio-8090-exec-7] Inside /getToken 5647837
2020-07-30 13:33:39,913 INFO sbi.kiosk.swayam.common.service.MyUserDetailsService [http-nio-8090-exec-7] Inside MyUserDetailsService
2020-07-30 13:33:39,918 INFO sbi.kiosk.swayam.common.service.MyUserDetailsService [http-nio-8090-exec-7] Inside MyUserDetailsService
2020-07-30 13:33:39,920 INFO sbi.kiosk.swayam.common.controller.JwtController [http-nio-8090-exec-7] /getToken Sucess 5647837
2020-07-30 13:33:39,921 INFO sbi.kiosk.swayam.common.controller.JwtController [http-nio-8090-exec-7] JWT token eyJhbGciOiJIUzI1NiJ9.eyJzdWIiOiI1NjQ3ODM3IiwiZXhwIjoxNTk2MTMyMjE5LCJpYXQiOjE1OTYwOTYyMTl9.UVEkpNOpNzWP3-O-hGoOL7NcUxAYOTrtwoLuTT3A040
2020-07-30 13:33:52,012 INFO sbi.kiosk.swayam.common.filter.JwtRequestFilter [http-nio-8090-exec-5] Inside the JwtRequest Filter
2020-07-30 13:33:52,013 INFO sbi.kiosk.swayam.common.filter.JwtRequestFilter [http-nio-8090-exec-5] Token = eyJhbGciOiJIUzI1NiJ9.eyJzdWIiOiI1NjQ3ODM3IiwiZXhwIjoxNTk2MTMyMjE5LCJpYXQiOjE1OTYwOTYyMTl9.UVEkpNOpNzWP3-O-hGoOL7NcUxAYOTrtwoLuTT3A040
2020-07-30 13:33:52,023 INFO sbi.kiosk.swayam.common.controller.LoginController [http-nio-8090-exec-5] Inside /authenticateUser?tokeneyJhbGciOiJIUzI1NiJ9.eyJzdWIiOiI1NjQ3ODM3IiwiZXhwIjoxNTk2MTMyMjE5LCJpYXQiOjE1OTYwOTYyMTl9.UVEkpNOpNzWP3-O-hGoOL7NcUxAYOTrtwoLuTT3A040 USER_ID 5647837
2020-07-30 13:33:52,028 INFO sbi.kiosk.swayam.common.controller.LoginController [http-nio-8090-exec-5] Session Val5647837
2020-07-30 13:33:52,065 INFO sbi.kiosk.swayam.common.filter.JwtRequestFilter [http-nio-8090-exec-1] Inside the JwtRequest Filter
2020-07-30 13:33:52,071 INFO sbi.kiosk.swayam.common.filter.JwtRequestFilter [http-nio-8090-exec-9] Inside the JwtRequest Filter
2020-07-30 13:33:52,080 INFO sbi.kiosk.swayam.common.filter.JwtRequestFilter [http-nio-8090-exec-4] Inside the JwtRequest Filter
2020-07-30 13:33:52,080 INFO sbi.kiosk.swayam.common.filter.JwtRequestFilter [http-nio-8090-exec-6] Inside the JwtRequest Filter
2020-07-30 13:33:52,080 INFO sbi.kiosk.swayam.common.filter.JwtRequestFilter [http-nio-8090-exec-8] Inside the JwtRequest Filter
2020-07-30 13:33:52,080 INFO sbi.kiosk.swayam.common.filter.JwtRequestFilter [http-nio-8090-exec-2] Inside the JwtRequest Filter
2020-07-30 13:33:52,087 INFO sbi.kiosk.swayam.common.filter.JwtRequestFilter [http-nio-8090-exec-7] Inside the JwtRequest Filter
2020-07-30 13:33:52,088 INFO sbi.kiosk.swayam.common.filter.JwtRequestFilter [http-nio-8090-exec-3] Inside the JwtRequest Filter
2020-07-30 13:33:52,100 INFO sbi.kiosk.swayam.common.filter.JwtRequestFilter [http-nio-8090-exec-10] Inside the JwtRequest Filter
2020-07-30 13:33:52,104 INFO sbi.kiosk.swayam.common.filter.JwtRequestFilter [http-nio-8090-exec-5] Inside the JwtRequest Filter
2020-07-30 13:33:52,107 INFO sbi.kiosk.swayam.common.filter.JwtRequestFilter [http-nio-8090-exec-1] Inside the JwtRequest Filter
2020-07-30 13:33:52,110 INFO sbi.kiosk.swayam.common.filter.JwtRequestFilter [http-nio-8090-exec-9] Inside the JwtRequest Filter
2020-07-30 13:33:52,153 INFO sbi.kiosk.swayam.common.filter.JwtRequestFilter [http-nio-8090-exec-2] Inside the JwtRequest Filter
2020-07-30 13:33:52,193 INFO sbi.kiosk.swayam.common.filter.JwtRequestFilter [http-nio-8090-exec-4] Inside the JwtRequest Filter
2020-07-30 13:33:52,194 INFO sbi.kiosk.swayam.common.controller.LoginController [http-nio-8090-exec-4] Session Val1111::: 5647837
2020-07-30 13:33:55,757 INFO sbi.kiosk.swayam.common.filter.JwtRequestFilter [http-nio-8090-exec-8] Inside the JwtRequest Filter
2020-07-30 13:33:55,883 INFO sbi.kiosk.swayam.common.filter.JwtRequestFilter [http-nio-8090-exec-3] Inside the JwtRequest Filter
2020-07-30 13:33:55,883 INFO sbi.kiosk.swayam.common.filter.JwtRequestFilter [http-nio-8090-exec-6] Inside the JwtRequest Filter
2020-07-30 13:33:55,884 INFO sbi.kiosk.swayam.common.filter.JwtRequestFilter [http-nio-8090-exec-7] Inside the JwtRequest Filter
2020-07-30 13:33:55,884 INFO sbi.kiosk.swayam.common.filter.JwtRequestFilter [http-nio-8090-exec-5] Inside the JwtRequest Filter
2020-07-30 13:33:55,888 INFO sbi.kiosk.swayam.common.filter.JwtRequestFilter [http-nio-8090-exec-1] Inside the JwtRequest Filter
2020-07-30 13:33:55,911 INFO sbi.kiosk.swayam.common.filter.JwtRequestFilter [http-nio-8090-exec-9] Inside the JwtRequest Filter
2020-07-30 13:33:55,929 INFO sbi.kiosk.swayam.common.filter.JwtRequestFilter [http-nio-8090-exec-10] Inside the JwtRequest Filter
2020-07-30 13:33:55,943 INFO sbi.kiosk.swayam.common.filter.JwtRequestFilter [http-nio-8090-exec-2] Inside the JwtRequest Filter
2020-07-30 13:33:56,004 INFO sbi.kiosk.swayam.common.filter.JwtRequestFilter [http-nio-8090-exec-4] Inside the JwtRequest Filter
2020-07-30 13:33:56,013 INFO sbi.kiosk.swayam.common.filter.JwtRequestFilter [http-nio-8090-exec-8] Inside the JwtRequest Filter
2020-07-30 13:33:56,027 INFO sbi.kiosk.swayam.common.filter.JwtRequestFilter [http-nio-8090-exec-5] Inside the JwtRequest Filter
2020-07-30 13:33:56,040 INFO sbi.kiosk.swayam.common.filter.JwtRequestFilter [http-nio-8090-exec-7] Inside the JwtRequest Filter
2020-07-30 13:34:47,786 INFO sbi.kiosk.swayam.common.filter.JwtRequestFilter [http-nio-8090-exec-4] Inside the JwtRequest Filter
2020-07-30 13:34:47,809 INFO sbi.kiosk.swayam.kioskmanagement.controller.UploadSwayamFileController [http-nio-8090-exec-4] files[org.springframework.web.multipart.support.StandardMultipartHttpServletRequest$StandardMultipartFile@bfcfd31]
2020-07-30 13:34:47,812 INFO sbi.kiosk.swayam.kioskmanagement.controller.UploadSwayamFileController [http-nio-8090-exec-4] uploadedFiles[FileInfo(name=Holiday Calendar.xlsx, path=D:\SBI\Code\swayam-all\Swayam\src\main\webapp\resources\upload\Holiday Calendar.xlsx)]
2020-07-30 13:34:47,812 INFO sbi.kiosk.swayam.kioskmanagement.controller.UploadSwayamFileController [http-nio-8090-exec-4] nameHoliday Calendar.xlsx
2020-07-30 13:34:47,812 INFO sbi.kiosk.swayam.kioskmanagement.controller.UploadSwayamFileController [http-nio-8090-exec-4] name1Holiday Calendar.xlsx
2020-07-30 13:34:47,812 INFO sbi.kiosk.swayam.kioskmanagement.controller.UploadSwayamFileController [http-nio-8090-exec-4] Server File Location=D:\SBI\Code\swayam-all\Swayam\src\main\webapp\resources\upload\Holiday Calendar.xlsx
2020-07-30 13:34:48,242 INFO sbi.kiosk.swayam.kioskmanagement.service.UploadServiceImpl [http-nio-8090-exec-4]  - 
2020-07-30 13:34:48,243 INFO sbi.kiosk.swayam.kioskmanagement.service.UploadServiceImpl [http-nio-8090-exec-4]  - 
2020-07-30 13:34:48,243 INFO sbi.kiosk.swayam.kioskmanagement.service.UploadServiceImpl [http-nio-8090-exec-4]  - 
2020-07-30 13:34:48,244 INFO sbi.kiosk.swayam.kioskmanagement.service.UploadServiceImpl [http-nio-8090-exec-4]  - 
2020-07-30 13:34:48,244 INFO sbi.kiosk.swayam.kioskmanagement.service.UploadServiceImpl [http-nio-8090-exec-4]  - 
2020-07-30 13:34:48,258 INFO sbi.kiosk.swayam.kioskmanagement.service.UploadServiceImpl [http-nio-8090-exec-4]  - 
2020-07-30 13:34:48,258 INFO sbi.kiosk.swayam.kioskmanagement.service.UploadServiceImpl [http-nio-8090-exec-4]  - 
2020-07-30 13:34:48,258 INFO sbi.kiosk.swayam.kioskmanagement.service.UploadServiceImpl [http-nio-8090-exec-4]  - 
2020-07-30 13:34:48,259 INFO sbi.kiosk.swayam.kioskmanagement.service.UploadServiceImpl [http-nio-8090-exec-4]  - 
2020-07-30 13:34:48,259 INFO sbi.kiosk.swayam.kioskmanagement.service.UploadServiceImpl [http-nio-8090-exec-4]  - 
2020-07-30 13:34:48,259 INFO sbi.kiosk.swayam.kioskmanagement.service.UploadServiceImpl [http-nio-8090-exec-4]  - 
2020-07-30 13:34:48,259 INFO sbi.kiosk.swayam.kioskmanagement.service.UploadServiceImpl [http-nio-8090-exec-4]  - 
2020-07-30 13:34:48,260 INFO sbi.kiosk.swayam.kioskmanagement.service.UploadServiceImpl [http-nio-8090-exec-4]  - 
2020-07-30 13:34:48,260 INFO sbi.kiosk.swayam.kioskmanagement.service.UploadServiceImpl [http-nio-8090-exec-4]  - 
2020-07-30 13:34:48,260 INFO sbi.kiosk.swayam.kioskmanagement.service.UploadServiceImpl [http-nio-8090-exec-4]  - 
2020-07-30 13:34:48,260 INFO sbi.kiosk.swayam.kioskmanagement.service.UploadServiceImpl [http-nio-8090-exec-4]  - 
2020-07-30 13:34:48,260 INFO sbi.kiosk.swayam.kioskmanagement.service.UploadServiceImpl [http-nio-8090-exec-4]  - 
2020-07-30 13:34:48,261 INFO sbi.kiosk.swayam.kioskmanagement.service.UploadServiceImpl [http-nio-8090-exec-4]  - 
2020-07-30 13:34:48,261 INFO sbi.kiosk.swayam.kioskmanagement.service.UploadServiceImpl [http-nio-8090-exec-4]  - 
2020-07-30 13:34:48,261 INFO sbi.kiosk.swayam.kioskmanagement.service.UploadServiceImpl [http-nio-8090-exec-4]  - 
2020-07-30 13:34:48,261 INFO sbi.kiosk.swayam.kioskmanagement.service.UploadServiceImpl [http-nio-8090-exec-4]  - 
2020-07-30 13:34:48,261 INFO sbi.kiosk.swayam.kioskmanagement.service.UploadServiceImpl [http-nio-8090-exec-4]  - 
2020-07-30 13:34:48,262 INFO sbi.kiosk.swayam.kioskmanagement.service.UploadServiceImpl [http-nio-8090-exec-4]  - 
2020-07-30 13:34:48,262 INFO sbi.kiosk.swayam.kioskmanagement.service.UploadServiceImpl [http-nio-8090-exec-4]  - 
2020-07-30 13:34:48,262 INFO sbi.kiosk.swayam.kioskmanagement.service.UploadServiceImpl [http-nio-8090-exec-4]  - 
2020-07-30 13:34:48,477 INFO sbi.kiosk.swayam.common.filter.JwtRequestFilter [http-nio-8090-exec-8] Inside the JwtRequest Filter
2020-07-30 13:34:53,681 INFO sbi.kiosk.swayam.common.filter.JwtRequestFilter [http-nio-8090-exec-2] Inside the JwtRequest Filter
2020-07-30 13:34:53,696 INFO sbi.kiosk.swayam.common.filter.JwtRequestFilter [http-nio-8090-exec-6] Inside the JwtRequest Filter
2020-07-30 13:34:53,701 INFO sbi.kiosk.swayam.common.filter.JwtRequestFilter [http-nio-8090-exec-3] Inside the JwtRequest Filter
2020-07-30 13:34:53,701 INFO sbi.kiosk.swayam.common.filter.JwtRequestFilter [http-nio-8090-exec-10] Inside the JwtRequest Filter
2020-07-30 13:34:53,701 INFO sbi.kiosk.swayam.common.filter.JwtRequestFilter [http-nio-8090-exec-1] Inside the JwtRequest Filter
2020-07-30 13:34:53,702 INFO sbi.kiosk.swayam.common.filter.JwtRequestFilter [http-nio-8090-exec-9] Inside the JwtRequest Filter
2020-07-30 13:34:53,703 INFO sbi.kiosk.swayam.common.filter.JwtRequestFilter [http-nio-8090-exec-4] Inside the JwtRequest Filter
2020-07-30 13:34:53,734 INFO sbi.kiosk.swayam.common.filter.JwtRequestFilter [http-nio-8090-exec-8] Inside the JwtRequest Filter
2020-07-30 13:34:53,759 INFO sbi.kiosk.swayam.common.filter.JwtRequestFilter [http-nio-8090-exec-7] Inside the JwtRequest Filter
2020-07-30 13:34:53,771 INFO sbi.kiosk.swayam.common.filter.JwtRequestFilter [http-nio-8090-exec-5] Inside the JwtRequest Filter
2020-07-30 13:34:53,808 INFO sbi.kiosk.swayam.common.filter.JwtRequestFilter [http-nio-8090-exec-2] Inside the JwtRequest Filter
2020-07-30 13:34:53,820 INFO sbi.kiosk.swayam.common.filter.JwtRequestFilter [http-nio-8090-exec-6] Inside the JwtRequest Filter
2020-07-30 13:34:53,833 INFO sbi.kiosk.swayam.common.filter.JwtRequestFilter [http-nio-8090-exec-3] Inside the JwtRequest Filter
2020-07-30 14:58:40,257 WARN com.zaxxer.hikari.pool.HikariPool [HikariPool-1 housekeeper] HikariPool-1 - Thread starvation or clock leap detected (housekeeper delta=19m35s869ms768µs300ns).
2020-07-30 16:20:40,112 WARN com.zaxxer.hikari.pool.HikariPool [HikariPool-1 housekeeper] HikariPool-1 - Thread starvation or clock leap detected (housekeeper delta=39m29s767ms531µs800ns).
